Arguments: 
  D:\Program Files (x86)\nodejs\node.exe C:\Users\luked\AppData\Roaming\npm\node_modules\yarn\bin\yarn.js add C:\Users\luked\OneDrive\Desktop

PATH: 
  C:\Program Files (x86)\Common Files\Oracle\Java\javapath;C:\Program Files\NVIDIA GPU Computing Toolkit\CUDA\v11.2\bin;C:\Program Files\NVIDIA GPU Computing Toolkit\CUDA\v11.2\libnvvp;;C:\Program Files\Common Files\Oracle\Java\javapath;D:\Oculus\Support\oculus-runtime;C:\Windows\system32;C:\Windows;C:\Windows\System32\Wbem;C:\Windows\System32\WindowsPowerShell\v1.0\;C:\Windows\System32\OpenSSH\;C:\Program Files\NVIDIA Corporation\NVIDIA NvDLISR;D:\Program Files\MATLAB\R2020b\bin;C:\Program Files\Git\cmd;D:\Strawberry\c\bin;D:\Strawberry\perl\site\bin;D:\Strawberry\perl\bin;C:\Program Files\NVIDIA Corporation\Nsight Compute 2020.3.1\;C:\Program Files (x86)\NVIDIA Corporation\PhysX\Common;C:\WINDOWS\system32;C:\WINDOWS;C:\WINDOWS\System32\Wbem;C:\WINDOWS\System32\WindowsPowerShell\v1.0\;C:\WINDOWS\System32\OpenSSH\;D:\Program Files (x86)\nodejs\;C:\Ruby30-x64\bin;C:\Program Files\MySQL\MySQL Shell 8.0\bin\;D:\Users\luked\AppData\Local\Programs\Python\Python37;D:\Program Files (x86)\Microsoft Visual Studio\2019\Community\VC\Tools\MSVC\14.28.29910\bin\Hostx86\x64;D:\Users\luked\AppData\Local\Programs\Python\Python39\Scripts;D:\Users\luked\AppData\Local\Programs\Microsoft VS Code\bin;C:\Users\luked\AppData\Local\Microsoft\WindowsApps;C:\Users\luked\AppData\Local\GitHubDesktop\bin;C:\Users\luked\AppData\Roaming\npm

Yarn version: 
  1.22.10

Node version: 
  14.16.1

Platform: 
  win32 ia32

Trace: 
  Error: EINVAL: invalid argument, mkdir 'C:\Users\luked\AppData\Local\Yarn\Cache\v6\npm-sers-luked-ne-rive-0.0.0-79305321-e5a7-4836-be39-882c7ed9b8f6-1624552914675\node_modules\C:\Users\luked\OneDrive'

npm manifest: 
  {
    "name": "sass-personal-site",
    "version": "0.1.0",
    "private": true,
    "dependencies": {
      "@testing-library/jest-dom": "^5.11.4",
      "@testing-library/react": "^11.1.0",
      "@testing-library/user-event": "^12.1.10",
      "gh-pages": "^3.2.3",
      "jquery": "^3.6.0",
      "react": "^17.0.2",
      "react-dom": "^17.0.2",
      "react-scripts": "4.0.3",
      "react-scroll": "^1.8.2",
      "react-scroll-motion": "git+https://github.com/devluked/react-scroll-motion.git",
      "semantic-ui-css": "^2.4.1",
      "semantic-ui-react": "^2.0.3",
      "web-vitals": "^1.0.1"
    },
    "scripts": {
      "start": "react-scripts start",
      "build": "react-scripts build",
      "test": "react-scripts test",
      "eject": "react-scripts eject"
    },
    "eslintConfig": {
      "extends": [
        "react-app",
        "react-app/jest"
      ]
    },
    "browserslist": {
      "production": [
        ">0.2%",
        "not dead",
        "not op_mini all"
      ],
      "development": [
        "last 1 chrome version",
        "last 1 firefox version",
        "last 1 safari version"
      ]
    }
  }

yarn manifest: 
  No manifest

Lockfile: 
  No lockfile
